05-20 20:15:57 com_github_MitjaNemec_PlaceFootprints.action_place_footprints 647:Plugin executed on: 'win32'
05-20 20:15:57 com_github_MitjaNemec_PlaceFootprints.action_place_footprints 648:Plugin executed with python version: '3.9.16 (main, May 18 2023, 07:48:16) [MSC v.1936 64 bit (AMD64)]'
05-20 20:15:57 com_github_MitjaNemec_PlaceFootprints.action_place_footprints 649:KiCad build version: 7.0.6
05-20 20:15:57 com_github_MitjaNemec_PlaceFootprints.action_place_footprints 650:Plugin version: 2.1.3
05-20 20:15:57 com_github_MitjaNemec_PlaceFootprints.action_place_footprints 651:Frame repr: <wx._core.Frame object at 0x0000017CB7320E50>
05-20 20:15:57 com_github_MitjaNemec_PlaceFootprints.place_footprints 121:getting a list of all footprints on board
05-20 20:15:57 com_github_MitjaNemec_PlaceFootprints.place_footprints 156:Footprint TP5 on root level
05-20 20:15:57 com_github_MitjaNemec_PlaceFootprints.place_footprints 156:Footprint TP4 on root level
05-20 20:15:57 com_github_MitjaNemec_PlaceFootprints.place_footprints 156:Footprint TP3 on root level
05-20 20:15:57 com_github_MitjaNemec_PlaceFootprints.place_footprints 156:Footprint TP1 on root level
05-20 20:15:57 com_github_MitjaNemec_PlaceFootprints.place_footprints 156:Footprint S6 on root level
05-20 20:15:57 com_github_MitjaNemec_PlaceFootprints.place_footprints 156:Footprint S5 on root level
05-20 20:15:57 com_github_MitjaNemec_PlaceFootprints.place_footprints 156:Footprint S4 on root level
05-20 20:15:57 com_github_MitjaNemec_PlaceFootprints.place_footprints 156:Footprint S3 on root level
05-20 20:15:57 com_github_MitjaNemec_PlaceFootprints.place_footprints 156:Footprint S2 on root level
05-20 20:15:57 com_github_MitjaNemec_PlaceFootprints.place_footprints 156:Footprint S1 on root level
05-20 20:15:57 com_github_MitjaNemec_PlaceFootprints.place_footprints 156:Footprint R17 on root level
05-20 20:15:57 com_github_MitjaNemec_PlaceFootprints.place_footprints 156:Footprint R16 on root level
05-20 20:15:57 com_github_MitjaNemec_PlaceFootprints.place_footprints 156:Footprint R15 on root level
05-20 20:15:57 com_github_MitjaNemec_PlaceFootprints.place_footprints 156:Footprint R14 on root level
05-20 20:15:57 com_github_MitjaNemec_PlaceFootprints.place_footprints 156:Footprint R13 on root level
05-20 20:15:57 com_github_MitjaNemec_PlaceFootprints.place_footprints 156:Footprint R12 on root level
05-20 20:15:57 com_github_MitjaNemec_PlaceFootprints.place_footprints 156:Footprint R11 on root level
05-20 20:15:57 com_github_MitjaNemec_PlaceFootprints.place_footprints 156:Footprint R10 on root level
05-20 20:15:57 com_github_MitjaNemec_PlaceFootprints.place_footprints 156:Footprint R9 on root level
05-20 20:15:57 com_github_MitjaNemec_PlaceFootprints.place_footprints 156:Footprint R8 on root level
05-20 20:15:57 com_github_MitjaNemec_PlaceFootprints.place_footprints 156:Footprint R7 on root level
05-20 20:15:57 com_github_MitjaNemec_PlaceFootprints.place_footprints 156:Footprint R6 on root level
05-20 20:15:57 com_github_MitjaNemec_PlaceFootprints.place_footprints 156:Footprint R5 on root level
05-20 20:15:57 com_github_MitjaNemec_PlaceFootprints.place_footprints 156:Footprint R4 on root level
05-20 20:15:57 com_github_MitjaNemec_PlaceFootprints.place_footprints 156:Footprint R3 on root level
05-20 20:15:57 com_github_MitjaNemec_PlaceFootprints.place_footprints 156:Footprint R2 on root level
05-20 20:15:57 com_github_MitjaNemec_PlaceFootprints.place_footprints 156:Footprint R1 on root level
05-20 20:15:57 com_github_MitjaNemec_PlaceFootprints.place_footprints 156:Footprint C22 on root level
05-20 20:15:57 com_github_MitjaNemec_PlaceFootprints.place_footprints 156:Footprint C21 on root level
05-20 20:15:57 com_github_MitjaNemec_PlaceFootprints.place_footprints 156:Footprint C20 on root level
05-20 20:15:57 com_github_MitjaNemec_PlaceFootprints.place_footprints 156:Footprint C19 on root level
05-20 20:15:57 com_github_MitjaNemec_PlaceFootprints.place_footprints 156:Footprint C18 on root level
05-20 20:15:57 com_github_MitjaNemec_PlaceFootprints.place_footprints 156:Footprint C17 on root level
05-20 20:15:57 com_github_MitjaNemec_PlaceFootprints.place_footprints 156:Footprint C16 on root level
05-20 20:15:57 com_github_MitjaNemec_PlaceFootprints.place_footprints 156:Footprint C15 on root level
05-20 20:15:57 com_github_MitjaNemec_PlaceFootprints.place_footprints 156:Footprint C14 on root level
05-20 20:15:57 com_github_MitjaNemec_PlaceFootprints.place_footprints 156:Footprint C13 on root level
05-20 20:15:57 com_github_MitjaNemec_PlaceFootprints.place_footprints 156:Footprint C12 on root level
05-20 20:15:57 com_github_MitjaNemec_PlaceFootprints.place_footprints 156:Footprint C11 on root level
05-20 20:15:57 com_github_MitjaNemec_PlaceFootprints.place_footprints 156:Footprint C10 on root level
05-20 20:15:57 com_github_MitjaNemec_PlaceFootprints.place_footprints 156:Footprint C9 on root level
05-20 20:15:57 com_github_MitjaNemec_PlaceFootprints.place_footprints 156:Footprint C8 on root level
05-20 20:15:57 com_github_MitjaNemec_PlaceFootprints.place_footprints 156:Footprint C7 on root level
05-20 20:15:57 com_github_MitjaNemec_PlaceFootprints.place_footprints 156:Footprint C6 on root level
05-20 20:15:57 com_github_MitjaNemec_PlaceFootprints.place_footprints 156:Footprint C5 on root level
05-20 20:15:57 com_github_MitjaNemec_PlaceFootprints.place_footprints 156:Footprint C4 on root level
05-20 20:15:57 com_github_MitjaNemec_PlaceFootprints.place_footprints 156:Footprint C3 on root level
05-20 20:15:57 com_github_MitjaNemec_PlaceFootprints.place_footprints 156:Footprint C2 on root level
05-20 20:15:57 com_github_MitjaNemec_PlaceFootprints.place_footprints 156:Footprint C1 on root level
05-20 20:15:57 com_github_MitjaNemec_PlaceFootprints.place_footprints 156:Footprint L1 on root level
05-20 20:15:57 com_github_MitjaNemec_PlaceFootprints.place_footprints 156:Footprint J2 on root level
05-20 20:15:57 com_github_MitjaNemec_PlaceFootprints.place_footprints 156:Footprint U3 on root level
05-20 20:15:57 com_github_MitjaNemec_PlaceFootprints.place_footprints 156:Footprint TP2 on root level
05-20 20:15:57 com_github_MitjaNemec_PlaceFootprints.place_footprints 156:Footprint USB1 on root level
05-20 20:15:57 com_github_MitjaNemec_PlaceFootprints.place_footprints 156:Footprint U4 on root level
05-20 20:15:57 com_github_MitjaNemec_PlaceFootprints.place_footprints 156:Footprint U5 on root level
05-20 20:15:57 com_github_MitjaNemec_PlaceFootprints.place_footprints 156:Footprint U2 on root level
05-20 20:15:57 com_github_MitjaNemec_PlaceFootprints.place_footprints 156:Footprint U1 on root level
05-20 20:15:57 com_github_MitjaNemec_PlaceFootprints.place_footprints 156:Footprint J1 on root level
05-20 20:15:57 com_github_MitjaNemec_PlaceFootprints.place_footprints 156:Footprint TP6 on root level
05-20 20:15:57 com_github_MitjaNemec_PlaceFootprints.place_footprints 156:Footprint TP7 on root level
05-20 20:15:57 com_github_MitjaNemec_PlaceFootprints.place_footprints 156:Footprint TP8 on root level
05-20 20:15:57 com_github_MitjaNemec_PlaceFootprints.place_footprints 156:Footprint X1 on root level
05-20 20:15:58 com_github_MitjaNemec_PlaceFootprints.action_place_footprints 830:Reference designator is: LED
05-20 20:15:58 com_github_MitjaNemec_PlaceFootprints.action_place_footprints 831:Reference number is: 71
05-20 20:15:58 com_github_MitjaNemec_PlaceFootprints.action_place_footprints 863:Sorted and filtered list:
['LED1', 'LED2', 'LED3', 'LED4', 'LED5', 'LED6', 'LED7', 'LED8', 'LED9', 'LED10', 'LED11', 'LED12', 'LED13', 'LED14', 'LED15', 'LED16', 'LED17', 'LED18', 'LED19', 'LED20', 'LED21', 'LED22', 'LED23', 'LED24', 'LED25', 'LED26', 'LED27', 'LED28', 'LED29', 'LED30', 'LED31', 'LED32', 'LED33', 'LED34', 'LED35', 'LED36', 'LED37', 'LED38', 'LED39', 'LED40', 'LED41', 'LED42', 'LED43', 'LED44', 'LED45', 'LED46', 'LED47', 'LED48', 'LED49', 'LED50', 'LED51', 'LED52', 'LED53', 'LED54', 'LED55', 'LED56', 'LED57', 'LED58', 'LED59', 'LED60', 'LED61', 'LED62', 'LED63', 'LED64', 'LED65', 'LED66', 'LED67', 'LED68', 'LED69', 'LED70', 'LED71', 'LED72', 'LED73', 'LED74', 'LED75', 'LED76', 'LED77']
05-20 20:15:58 com_github_MitjaNemec_PlaceFootprints.action_place_footprints 359:wx.Colour(240, 240, 240, 255)
05-20 20:16:03 com_github_MitjaNemec_PlaceFootprints.action_place_footprints 490:'8'
05-20 20:16:03 com_github_MitjaNemec_PlaceFootprints.action_place_footprints 536:Preparing config for reference linear
05-20 20:16:03 com_github_MitjaNemec_PlaceFootprints.action_place_footprints 556:Saving config file
05-20 20:16:03 com_github_MitjaNemec_PlaceFootprints.action_place_footprints 558:Saved the config file
05-20 20:16:03 com_github_MitjaNemec_PlaceFootprints.action_place_footprints 901:Footprints to place:
['LED71', 'LED72', 'LED73', 'LED74', 'LED75', 'LED76', 'LED77']
05-20 20:16:03 com_github_MitjaNemec_PlaceFootprints.place_footprints 367:Starting placing with linear layout
05-20 20:16:03 com_github_MitjaNemec_PlaceFootprints.action_place_footprints 942:Placing complete
